
****** PlanAhead v14.7 (64-bit)
  **** Build 321239 by xbuild on Fri Sep 27 19:29:51 MDT 2013
    ** Copyright 1986-1999, 2001-2013 Xilinx, Inc. All Rights Reserved.

INFO: [Common 17-78] Attempting to get a license: PlanAhead
INFO: [Common 17-290] Got license for PlanAhead
INFO: [Device 21-36] Loading parts and site information from C:/Xilinx/14.7/ISE_DS/PlanAhead/data/parts/arch.xml
Parsing RTL primitives file [C:/Xilinx/14.7/ISE_DS/PlanAhead/data/parts/xilinx/rtl/prims/rtl_prims.xml]
Finished parsing RTL primitives file [C:/Xilinx/14.7/ISE_DS/PlanAhead/data/parts/xilinx/rtl/prims/rtl_prims.xml]
start_gui
Failed to create directory: 'C:\Users\???? ??????\AppData\Roaming/Xilinx/PlanAhead\14.7'
Failed to create the shortcut directory: 'C:\Users\???? ??????\AppData\Roaming/Xilinx/PlanAhead\14.7\shortcuts'
Failed to create the layout directory: 'C:\Users\???? ??????\AppData\Roaming/Xilinx/PlanAhead\14.7\layouts\application'
Failed to create the commands directory: 'C:\Users\???? ??????\AppData\Roaming/Xilinx/PlanAhead\14.7\commands'
Failed to create the layout directory: 'C:\Users\???? ??????\AppData\Roaming/Xilinx/PlanAhead\14.7\layouts\'
source Y:/Users/ammaralfaifi/projects/verilog/proj_201840840_06/proj/pa.fromHdl.tcl
# create_project -name proj -dir "Y:/Users/ammaralfaifi/projects/verilog/proj_201840840_06/proj/planAhead_run_3" -part xc6slx16csg324-3

    while executing
"create_project -name proj -dir "Y:/Users/ammaralfaifi/projects/verilog/proj_201840840_06/proj/planAhead_run_3" -part xc6slx16csg324-3"
    (file "Y:/Users/ammaralfaifi/projects/verilog/proj_201840840_06/proj/pa.fromHdl.tcl" line 4)
exit
Failed to create directory: 'C:\Users\???? ??????\AppData\Roaming/Xilinx/PlanAhead\14.7'
Failed to create directory: 'C:\Users\???? ??????\AppData\Roaming/Xilinx/PlanAhead\14.7'
INFO: [Common 17-206] Exiting PlanAhead at Fri Dec 04 23:26:04 2020...
INFO: [Common 17-83] Releasing license: PlanAhead
