ISim log file
Running: Z:\projects\verilog\proj_201840840_06\proj\timer_isim_beh.exe -intstyle ise -gui -tclbatch isim.cmd -wdb Z:/projects/verilog/proj_201840840_06/proj/timer_isim_beh.wdb 
ISim P.20131013 (signature 0x7708f090)
This is a Full version of ISim.
Time resolution is 1 ps
# onerror resume
# wave add /
# run 1000 ns
Simulator is doing circuit initialization process.
Finished circuit initialization process.
# restart
# isim force add /timer/clk 0 -radix bin -value 1 -radix bin -time 500 ps -repeat 1 ns
# isim force add /timer/reset 1 -radix bin -cancel 1 ns
# isim force add /timer/load 1 -radix bin -cancel 2 ns
# isim force add /timer/CE 1 -radix bin
# isim force add /timer/I3 1 -radix unsigned
# isim force add /timer/I2 0 -radix unsigned
# run 1.00us
Simulator is doing circuit initialization process.
Finished circuit initialization process.
# restart
# run 1.00us
Simulator is doing circuit initialization process.
Finished circuit initialization process.
# restart
# isim force add /timer/clk 0 -radix bin -value 1 -radix bin -time 500 ps -repeat 1 ns
# isim force add /timer/reset 1 -radix bin -cancel 1 ns
# isim force add /timer/load 1 -radix bin -cancel 2 ns
# isim force add /timer/CE 1 -radix bin
# isim force add /timer/I3 13 -radix unsigned
# isim force add /timer/I2 1 -radix unsigned
# run 1.00us
Simulator is doing circuit initialization process.
Finished circuit initialization process.
# restart
# isim force add /timer/clk 0 -radix bin -value 1 -radix bin -time 500 ps -repeat 1 ns
# isim force add /timer/reset 1 -radix bin -cancel 1 ns
# isim force add /timer/load 1 -radix bin -cancel 2 ns
# isim force add /timer/CE 1 -radix bin
# isim force add /timer/I3 1 -radix unsigned
# isim force add /timer/I2 0 -radix unsigned
# run 1.00us
Simulator is doing circuit initialization process.
Finished circuit initialization process.
